<?xml version="1.0" encoding="UTF-8"?>
<testng-results ignored="0" total="1" passed="1" failed="0" skipped="0">
  <reporter-output>
  </reporter-output>
  <suite started-at="2024-04-01T07:58:43Z" name="Default suite" finished-at="2024-04-01T07:58:48Z" duration-ms="5142">
    <groups>
    </groups>
    <test started-at="2024-04-01T07:58:43Z" name="Default test" finished-at="2024-04-01T07:58:48Z" duration-ms="5142">
      <class name="test.ExtentReportsDemo_TestNG">
        <test-method is-config="true" signature="setUp()[pri:0, instance:test.ExtentReportsDemo_TestNG@78d6692f]" started-at="2024-04-01T10:58:43Z" name="setUp" finished-at="2024-04-01T10:58:43Z" duration-ms="281" status="PASS">
          <reporter-output>
          </reporter-output>
        </test-method> <!-- setUp -->
        <test-method is-config="true" signature="setUpTTest()[pri:0, instance:test.ExtentReportsDemo_TestNG@78d6692f]" started-at="2024-04-01T10:58:43Z" name="setUpTTest" finished-at="2024-04-01T10:58:45Z" duration-ms="2355" status="PASS">
          <reporter-output>
          </reporter-output>
        </test-method> <!-- setUpTTest -->
        <test-method signature="test1()[pri:0, instance:test.ExtentReportsDemo_TestNG@78d6692f]" started-at="2024-04-01T10:58:45Z" name="test1" finished-at="2024-04-01T10:58:48Z" duration-ms="2550" status="PASS">
          <reporter-output>
          </reporter-output>
        </test-method> <!-- test1 -->
        <test-method is-config="true" signature="tearDownTest()[pri:0, instance:test.ExtentReportsDemo_TestNG@78d6692f]" started-at="2024-04-01T10:58:48Z" name="tearDownTest" finished-at="2024-04-01T10:58:48Z" duration-ms="223" status="PASS">
          <reporter-output>
          </reporter-output>
        </test-method> <!-- tearDownTest -->
        <test-method is-config="true" signature="tearDown()[pri:0, instance:test.ExtentReportsDemo_TestNG@78d6692f]" started-at="2024-04-01T10:58:48Z" name="tearDown" finished-at="2024-04-01T10:58:48Z" duration-ms="245" status="PASS">
          <reporter-output>
          </reporter-output>
        </test-method> <!-- tearDown -->
      </class> <!-- test.ExtentReportsDemo_TestNG -->
    </test> <!-- Default test -->
  </suite> <!-- Default suite -->
</testng-results>
