<?xml version="1.0" encoding="UTF-8"?>
<testng-results ignored="0" total="1" passed="1" failed="0" skipped="0">
  <reporter-output>
  </reporter-output>
  <suite started-at="2024-04-19T11:35:27Z" name="Default suite" finished-at="2024-04-19T11:35:49Z" duration-ms="21866">
    <groups>
    </groups>
    <test started-at="2024-04-19T11:35:27Z" name="Default test" finished-at="2024-04-19T11:35:49Z" duration-ms="21866">
      <class name="tests.ExpandMegaMenu">
        <test-method is-config="true" signature="setUp()[pri:0, instance:tests.ExpandMegaMenu@7a55af6b]" started-at="2024-04-19T14:35:27Z" name="setUp" finished-at="2024-04-19T14:35:27Z" duration-ms="149" status="PASS">
          <reporter-output>
          </reporter-output>
        </test-method> <!-- setUp -->
        <test-method is-config="true" signature="setUpTTest()[pri:0, instance:tests.ExpandMegaMenu@7a55af6b]" started-at="2024-04-19T14:35:27Z" name="setUpTTest" finished-at="2024-04-19T14:35:30Z" duration-ms="2218" status="PASS">
          <reporter-output>
          </reporter-output>
        </test-method> <!-- setUpTTest -->
        <test-method signature="hover_Menu()[pri:0, instance:tests.ExpandMegaMenu@7a55af6b]" started-at="2024-04-19T14:35:30Z" name="hover_Menu" finished-at="2024-04-19T14:35:49Z" duration-ms="19357" status="PASS">
          <reporter-output>
          </reporter-output>
        </test-method> <!-- hover_Menu -->
        <test-method is-config="true" signature="tearDownTest()[pri:0, instance:tests.ExpandMegaMenu@7a55af6b]" started-at="2024-04-19T14:35:49Z" name="tearDownTest" finished-at="2024-04-19T14:35:49Z" duration-ms="277" status="PASS">
          <reporter-output>
          </reporter-output>
        </test-method> <!-- tearDownTest -->
        <test-method is-config="true" signature="tearDown()[pri:0, instance:tests.ExpandMegaMenu@7a55af6b]" started-at="2024-04-19T14:35:49Z" name="tearDown" finished-at="2024-04-19T14:35:50Z" duration-ms="300" status="PASS">
          <reporter-output>
          </reporter-output>
        </test-method> <!-- tearDown -->
      </class> <!-- tests.ExpandMegaMenu -->
    </test> <!-- Default test -->
  </suite> <!-- Default suite -->
</testng-results>
